<?xml version="1.0" encoding="UTF-8"?>
<testng-results ignored="0" total="3" passed="2" failed="1" skipped="0">
  <reporter-output>
    <line>
      <![CDATA[[2022-11-29 22:34:17,917] Click to Register on the header
<br>]]>
    </line>
    <line>
      <![CDATA[[2022-11-29 22:34:19,790] Select gender in checkbox
<br>]]>
    </line>
    <line>
      <![CDATA[[2022-11-29 22:34:20,000] Input valid value into Firstname text box with: King
<br>]]>
    </line>
    <line>
      <![CDATA[[2022-11-29 22:34:20,285] Input valid value into Lastname text box with: Usha
<br>]]>
    </line>
    <line>
      <![CDATA[[2022-11-29 22:34:20,427] Select Date of birthday
<br>]]>
    </line>
    <line>
      <![CDATA[[2022-11-29 22:34:20,851] Select Month of birthday
<br>]]>
    </line>
    <line>
      <![CDATA[[2022-11-29 22:34:21,057] Select Year of birthday
<br>]]>
    </line>
    <line>
      <![CDATA[[2022-11-29 22:34:21,277] Input valid email to email text box with: moshe.bernhard@gmail.com
<br>]]>
    </line>
    <line>
      <![CDATA[[2022-11-29 22:34:21,673] Input valid value into password text box with: nayf7f73dpq
<br>]]>
    </line>
    <line>
      <![CDATA[[2022-11-29 22:34:22,509] Input valid value into confirm password text box with: nayf7f73dpq
<br>]]>
    </line>
    <line>
      <![CDATA[[2022-11-29 22:34:22,819] Click to Register button
<br>]]>
    </line>
    <line>
      <![CDATA[[2022-11-29 22:34:24,335] Click on Continue button to return to homepage
<br>]]>
    </line>
    <line>
      <![CDATA[[2022-11-29 22:34:27,527] Click to product to go to detailed page
<br>]]>
    </line>
    <line>
      <![CDATA[[2022-11-29 22:34:34,456] Get product title, SKU and price
<br>]]>
    </line>
    <line>
      <![CDATA[[2022-11-29 22:34:34,581] Click to Add to wishlist
<br>]]>
    </line>
    <line>
      <![CDATA[[2022-11-29 22:34:34,727] Verify Success message is displayed after adding to wishlist
<br>]]>
    </line>
    <line>
      <![CDATA[[2022-11-29 22:34:35,165] Click to Wishlist on the header
<br>]]>
    </line>
    <line>
      <![CDATA[[2022-11-29 22:34:36,869] Verify product is added to wishlist
<br>]]>
    </line>
    <line>
      <![CDATA[[2022-11-29 22:34:36,997] Click on Wishlist URL
<br>]]>
    </line>
    <line>
      <![CDATA[[2022-11-29 22:34:37,593] Verify user can wishlist from URL with: Wishlist of King Usha
<br>]]>
    </line>
    <line>
      <![CDATA[[2022-11-29 22:34:37,774] Open demo page
<br>]]>
    </line>
    <line>
      <![CDATA[[2022-11-29 22:34:38,223] Click to Wishlist on the header
<br>]]>
    </line>
    <line>
      <![CDATA[[2022-11-29 22:34:38,718] Click to Check box of product
<br>]]>
    </line>
    <line>
      <![CDATA[[2022-11-29 22:34:38,807] Click to Add to cart
<br>]]>
    </line>
    <line>
      <![CDATA[[2022-11-29 22:34:39,988] Verify products Wishlist is removed and shopping cart is added
<br>]]>
    </line>
    <line>
      <![CDATA[[2022-11-29 22:34:40,039] Open demo page
<br>]]>
    </line>
    <line>
      <![CDATA[[2022-11-29 22:34:41,133] Click to product to go to detailed page
<br>]]>
    </line>
    <line>
      <![CDATA[[2022-11-29 22:34:42,821] Click to Add to wishlist
<br>]]>
    </line>
    <line>
      <![CDATA[[2022-11-29 22:34:42,926] Click to Wishlist on the header
<br>]]>
    </line>
    <line>
      <![CDATA[[2022-11-29 22:34:43,861] Click to Check box of product
<br>]]>
    </line>
    <line>
      <![CDATA[[2022-11-29 22:34:43,929] Click to remove button
<br>]]>
    </line>
    <line>
      <![CDATA[[2022-11-29 22:34:45,025] Verify empty message is displayed
<br>]]>
    </line>
    <line>
      <![CDATA[[2022-11-29 22:34:45,070] Verify product is removed
<br>]]>
    </line>
  </reporter-output>
  <suite started-at="2022-11-29T15:34:07Z" name="NopCommerce" finished-at="2022-11-29T15:34:55Z" duration-ms="48620">
    <groups>
    </groups>
    <test started-at="2022-11-29T15:34:07Z" name="RUN ON CHROME" finished-at="2022-11-29T15:34:55Z" duration-ms="48620">
      <class name="com.nopcommerce.user.NopCommerce_Wishlist_Compare">
        <test-method is-config="true" signature="BeforeClass(java.lang.String, java.lang.String)[pri:0, instance:com.nopcommerce.user.NopCommerce_Wishlist_Compare@35ff8fc9]" started-at="2022-11-29T15:34:07Z" name="BeforeClass" finished-at="2022-11-29T15:34:26Z" duration-ms="19833" status="PASS">
          <params>
            <param index="0">
              <value>
                <![CDATA[chrome]]>
              </value>
            </param>
            <param index="1">
              <value>
                <![CDATA[demo]]>
              </value>
            </param>
          </params>
          <reporter-output>
            <line>
              <![CDATA[[2022-11-29 22:34:17,917] Click to Register on the header
<br>]]>
            </line>
            <line>
              <![CDATA[[2022-11-29 22:34:19,790] Select gender in checkbox
<br>]]>
            </line>
            <line>
              <![CDATA[[2022-11-29 22:34:20,000] Input valid value into Firstname text box with: King
<br>]]>
            </line>
            <line>
              <![CDATA[[2022-11-29 22:34:20,285] Input valid value into Lastname text box with: Usha
<br>]]>
            </line>
            <line>
              <![CDATA[[2022-11-29 22:34:20,427] Select Date of birthday
<br>]]>
            </line>
            <line>
              <![CDATA[[2022-11-29 22:34:20,851] Select Month of birthday
<br>]]>
            </line>
            <line>
              <![CDATA[[2022-11-29 22:34:21,057] Select Year of birthday
<br>]]>
            </line>
            <line>
              <![CDATA[[2022-11-29 22:34:21,277] Input valid email to email text box with: moshe.bernhard@gmail.com
<br>]]>
            </line>
            <line>
              <![CDATA[[2022-11-29 22:34:21,673] Input valid value into password text box with: nayf7f73dpq
<br>]]>
            </line>
            <line>
              <![CDATA[[2022-11-29 22:34:22,509] Input valid value into confirm password text box with: nayf7f73dpq
<br>]]>
            </line>
            <line>
              <![CDATA[[2022-11-29 22:34:22,819] Click to Register button
<br>]]>
            </line>
            <line>
              <![CDATA[[2022-11-29 22:34:24,335] Click on Continue button to return to homepage
<br>]]>
            </line>
          </reporter-output>
        </test-method> <!-- BeforeClass -->
        <test-method signature="TC_01_Add_To_Wishlist(java.lang.reflect.Method)[pri:0, instance:com.nopcommerce.user.NopCommerce_Wishlist_Compare@35ff8fc9]" started-at="2022-11-29T15:34:26Z" name="TC_01_Add_To_Wishlist" finished-at="2022-11-29T15:34:37Z" duration-ms="10643" status="PASS">
          <params>
            <param index="0">
              <value>
                <![CDATA[private void com.nopcommerce.user.NopCommerce_Wishlist_Compare.TC_01_Add_To_Wishlist(java.lang.reflect.Method)]]>
              </value>
            </param>
          </params>
          <reporter-output>
            <line>
              <![CDATA[[2022-11-29 22:34:27,527] Click to product to go to detailed page
<br>]]>
            </line>
            <line>
              <![CDATA[[2022-11-29 22:34:34,456] Get product title, SKU and price
<br>]]>
            </line>
            <line>
              <![CDATA[[2022-11-29 22:34:34,581] Click to Add to wishlist
<br>]]>
            </line>
            <line>
              <![CDATA[[2022-11-29 22:34:34,727] Verify Success message is displayed after adding to wishlist
<br>]]>
            </line>
            <line>
              <![CDATA[[2022-11-29 22:34:35,165] Click to Wishlist on the header
<br>]]>
            </line>
            <line>
              <![CDATA[[2022-11-29 22:34:36,869] Verify product is added to wishlist
<br>]]>
            </line>
            <line>
              <![CDATA[[2022-11-29 22:34:36,997] Click on Wishlist URL
<br>]]>
            </line>
            <line>
              <![CDATA[[2022-11-29 22:34:37,593] Verify user can wishlist from URL with: Wishlist of King Usha
<br>]]>
            </line>
          </reporter-output>
        </test-method> <!-- TC_01_Add_To_Wishlist -->
        <test-method signature="TC_02_Add_Product_To_Cart(java.lang.reflect.Method)[pri:0, instance:com.nopcommerce.user.NopCommerce_Wishlist_Compare@35ff8fc9]" started-at="2022-11-29T15:34:37Z" name="TC_02_Add_Product_To_Cart" finished-at="2022-11-29T15:34:40Z" duration-ms="2267" status="PASS">
          <params>
            <param index="0">
              <value>
                <![CDATA[private void com.nopcommerce.user.NopCommerce_Wishlist_Compare.TC_02_Add_Product_To_Cart(java.lang.reflect.Method)]]>
              </value>
            </param>
          </params>
          <reporter-output>
            <line>
              <![CDATA[[2022-11-29 22:34:37,774] Open demo page
<br>]]>
            </line>
            <line>
              <![CDATA[[2022-11-29 22:34:38,223] Click to Wishlist on the header
<br>]]>
            </line>
            <line>
              <![CDATA[[2022-11-29 22:34:38,718] Click to Check box of product
<br>]]>
            </line>
            <line>
              <![CDATA[[2022-11-29 22:34:38,807] Click to Add to cart
<br>]]>
            </line>
            <line>
              <![CDATA[[2022-11-29 22:34:39,988] Verify products Wishlist is removed and shopping cart is added
<br>]]>
            </line>
          </reporter-output>
        </test-method> <!-- TC_02_Add_Product_To_Cart -->
        <test-method signature="TC_03_Remove_Product_In_Wishlist_Page(java.lang.reflect.Method)[pri:0, instance:com.nopcommerce.user.NopCommerce_Wishlist_Compare@35ff8fc9]" started-at="2022-11-29T15:34:40Z" name="TC_03_Remove_Product_In_Wishlist_Page" finished-at="2022-11-29T15:34:55Z" duration-ms="15103" status="FAIL">
          <params>
            <param index="0">
              <value>
                <![CDATA[private void com.nopcommerce.user.NopCommerce_Wishlist_Compare.TC_03_Remove_Product_In_Wishlist_Page(java.lang.reflect.Method)]]>
              </value>
            </param>
          </params>
          <exception class="java.lang.AssertionError">
            <message>
              <![CDATA[expected [false] but found [true]]]>
            </message>
            <full-stacktrace>
              <![CDATA[java.lang.AssertionError: expected [false] but found [true]
at org.testng.Assert.fail(Assert.java:96)
at org.testng.Assert.failNotEquals(Assert.java:776)
at org.testng.Assert.assertFalse(Assert.java:65)
at org.testng.Assert.assertFalse(Assert.java:75)
at com.nopcommerce.user.NopCommerce_Wishlist_Compare.TC_03_Remove_Product_In_Wishlist_Page(NopCommerce_Wishlist_Compare.java:192)
at java.base/jdk.internal.reflect.NativeMethodAccessorImpl.invoke0(Native Method)
at java.base/jdk.internal.reflect.NativeMethodAccessorImpl.invoke(NativeMethodAccessorImpl.java:62)
at java.base/jdk.internal.reflect.DelegatingMethodAccessorImpl.invoke(DelegatingMethodAccessorImpl.java:43)
at java.base/java.lang.reflect.Method.invoke(Method.java:566)
at org.testng.internal.MethodInvocationHelper.invokeMethod(MethodInvocationHelper.java:124)
at org.testng.internal.Invoker.invokeMethod(Invoker.java:583)
at org.testng.internal.Invoker.invokeTestMethod(Invoker.java:719)
at org.testng.internal.Invoker.invokeTestMethods(Invoker.java:989)
at org.testng.internal.TestMethodWorker.invokeTestMethods(TestMethodWorker.java:125)
at org.testng.internal.TestMethodWorker.run(TestMethodWorker.java:109)
at org.testng.TestRunner.privateRun(TestRunner.java:648)
at org.testng.TestRunner.run(TestRunner.java:505)
at org.testng.SuiteRunner.runTest(SuiteRunner.java:455)
at org.testng.SuiteRunner.runSequentially(SuiteRunner.java:450)
at org.testng.SuiteRunner.privateRun(SuiteRunner.java:415)
at org.testng.SuiteRunner.run(SuiteRunner.java:364)
at org.testng.SuiteRunnerWorker.runSuite(SuiteRunnerWorker.java:52)
at org.testng.SuiteRunnerWorker.run(SuiteRunnerWorker.java:84)
at org.testng.TestNG.runSuitesSequentially(TestNG.java:1208)
at org.testng.TestNG.runSuitesLocally(TestNG.java:1137)
at org.testng.TestNG.runSuites(TestNG.java:1049)
at org.testng.TestNG.run(TestNG.java:1017)
at org.apache.maven.surefire.testng.TestNGExecutor.run(TestNGExecutor.java:283)
at org.apache.maven.surefire.testng.TestNGXmlTestSuite.execute(TestNGXmlTestSuite.java:75)
at org.apache.maven.surefire.testng.TestNGProvider.invoke(TestNGProvider.java:120)
at org.apache.maven.surefire.booter.ForkedBooter.invokeProviderInSameClassLoader(ForkedBooter.java:384)
at org.apache.maven.surefire.booter.ForkedBooter.runSuitesInProcess(ForkedBooter.java:345)
at org.apache.maven.surefire.booter.ForkedBooter.execute(ForkedBooter.java:126)
at org.apache.maven.surefire.booter.ForkedBooter.main(ForkedBooter.java:418)
]]>
            </full-stacktrace>
          </exception> <!-- java.lang.AssertionError -->
          <reporter-output>
            <line>
              <![CDATA[[2022-11-29 22:34:40,039] Open demo page
<br>]]>
            </line>
            <line>
              <![CDATA[[2022-11-29 22:34:41,133] Click to product to go to detailed page
<br>]]>
            </line>
            <line>
              <![CDATA[[2022-11-29 22:34:42,821] Click to Add to wishlist
<br>]]>
            </line>
            <line>
              <![CDATA[[2022-11-29 22:34:42,926] Click to Wishlist on the header
<br>]]>
            </line>
            <line>
              <![CDATA[[2022-11-29 22:34:43,861] Click to Check box of product
<br>]]>
            </line>
            <line>
              <![CDATA[[2022-11-29 22:34:43,929] Click to remove button
<br>]]>
            </line>
            <line>
              <![CDATA[[2022-11-29 22:34:45,025] Verify empty message is displayed
<br>]]>
            </line>
            <line>
              <![CDATA[[2022-11-29 22:34:45,070] Verify product is removed
<br>]]>
            </line>
          </reporter-output>
        </test-method> <!-- TC_03_Remove_Product_In_Wishlist_Page -->
        <test-method is-config="true" signature="AfterClass()[pri:0, instance:com.nopcommerce.user.NopCommerce_Wishlist_Compare@35ff8fc9]" started-at="2022-11-29T15:34:55Z" name="AfterClass" finished-at="2022-11-29T15:34:55Z" duration-ms="95" status="PASS">
          <reporter-output>
          </reporter-output>
        </test-method> <!-- AfterClass -->
      </class> <!-- com.nopcommerce.user.NopCommerce_Wishlist_Compare -->
    </test> <!-- RUN ON CHROME -->
  </suite> <!-- NopCommerce -->
</testng-results>
