<?xml version="1.0" encoding="UTF-8"?>
<testsuite xmlns:xsi="http://www.w3.org/2001/XMLSchema-instance" xsi:noNamespaceSchemaLocation="https://maven.apache.org/surefire/maven-surefire-plugin/xsd/surefire-test-report.xsd" name="TestSuite" time="132.335" tests="5" errors="0" skipped="0" failures="1">
  <properties>
[...]
</properties>
  <testcase name="TC_01_Add_To_Wishlist" classname="com.nopcommerce.user.NopCommerce_Wishlist_Compare" time="8.699">
    <failure message="expected [Wishlist of Teodoro Cherrie] but found [Wishlist of]" type="java.lang.AssertionError">java.lang.AssertionError: expected [Wishlist of Teodoro Cherrie] but found [Wishlist of]
	at com.nopcommerce.user.NopCommerce_Wishlist_Compare.TC_01_Add_To_Wishlist(NopCommerce_Wishlist_Compare.java:137)
</failure>
    <system-out><![CDATA[[TestNGContentHandler] [WARN] It is strongly recommended to add "<!DOCTYPE suite SYSTEM "http://testng.org/testng-1.0.dtd" >" at the top of your file, otherwise TestNG may fail or not work as expected.
[2023-02-07 21:23:50,933] Click to Register on the header
[2023-02-07 21:23:52,923] Select gender in checkbox
[2023-02-07 21:23:53,174] Input valid value into Firstname text box with: Teodoro
[2023-02-07 21:23:53,434] Input valid value into Lastname text box with: Cherrie
[2023-02-07 21:23:53,603] Select Date of birthday
[2023-02-07 21:23:53,817] Select Month of birthday
[2023-02-07 21:23:53,914] Select Year of birthday
[2023-02-07 21:23:54,028] Input valid email to email text box with: khalilah.stark@hotmail.com
[2023-02-07 21:23:54,132] Input valid value into password text box with: 4kzvxg5debgo
[2023-02-07 21:23:54,632] Input valid value into confirm password text box with: 4kzvxg5debgo
[2023-02-07 21:23:54,977] Click to Register button
[2023-02-07 21:23:58,023] Click on Continue button to return to homepage
[2023-02-07 21:24:02,396] Click to product to go to detailed page
[2023-02-07 21:24:06,660] Get product title, SKU and price
[2023-02-07 21:24:06,833] Click to Add to wishlist
[2023-02-07 21:24:07,175] Verify Success message is displayed after adding to wishlist
[2023-02-07 21:24:07,793] Click to Wishlist on the header
[2023-02-07 21:24:09,321] Verify product is added to wishlist
[2023-02-07 21:24:09,449] Click on Wishlist URL
[2023-02-07 21:24:10,058] Verify user can wishlist from URL with: Wishlist of Teodoro Cherrie
]]></system-out>
    <system-err><![CDATA[SLF4J: Failed to load class "org.slf4j.impl.StaticLoggerBinder".
SLF4J: Defaulting to no-operation (NOP) logger implementation
SLF4J: See http://www.slf4j.org/codes.html#StaticLoggerBinder for further details.
Starting ChromeDriver 109.0.5414.74 (e7c5703604daa9cc128ccf5a5d3e993513758913-refs/branch-heads/5414@{#1172}) on port 22755
Only local connections are allowed.
Please see https://chromedriver.chromium.org/security-considerations for suggestions on keeping ChromeDriver safe.
ChromeDriver was started successfully.
Feb 07, 2023 9:23:46 PM org.openqa.selenium.remote.ProtocolHandshake createSession
INFO: Detected dialect: W3C
]]></system-err>
  </testcase>
  <testcase name="TC_02_Add_Product_To_Cart" classname="com.nopcommerce.user.NopCommerce_Wishlist_Compare" time="2.671"/>
  <testcase name="TC_03_Remove_Product_In_Wishlist_Page" classname="com.nopcommerce.user.NopCommerce_Wishlist_Compare" time="14.119"/>
  <testcase name="TC_04_Add_Product_To_Compare" classname="com.nopcommerce.user.NopCommerce_Wishlist_Compare" time="58.236"/>
  <testcase name="TC_05_Recently_Viewed_Products" classname="com.nopcommerce.user.NopCommerce_Wishlist_Compare" time="18.326"/>
</testsuite>