<?xml version="1.0" encoding="UTF-8"?>
<!-- Generated by org.testng.reporters.JUnitXMLReporter -->
<testsuite ignored="0" hostname="Mosscow.local" failures="1" tests="3" name="RUN ON CHROME" time="48.62" errors="0" timestamp="29 Nov 2022 15:34:55 GMT">
  <testcase classname="com.nopcommerce.user.NopCommerce_Wishlist_Compare" name="TC_01_Add_To_Wishlist" time="10.643"/>
  <testcase classname="com.nopcommerce.user.NopCommerce_Wishlist_Compare" name="TC_02_Add_Product_To_Cart" time="2.267"/>
  <testcase classname="com.nopcommerce.user.NopCommerce_Wishlist_Compare" name="TC_03_Remove_Product_In_Wishlist_Page" time="15.103">
    <failure type="java.lang.AssertionError" message="expected [false] but found [true]">
      <![CDATA[java.lang.AssertionError: expected [false] but found [true]
at com.nopcommerce.user.NopCommerce_Wishlist_Compare.TC_03_Remove_Product_In_Wishlist_Page(NopCommerce_Wishlist_Compare.java:192)
... Removed 33 stack frames]]>
    </failure>
  </testcase> <!-- TC_03_Remove_Product_In_Wishlist_Page -->
</testsuite> <!-- RUN ON CHROME -->
